c:\users\mjcap\source\repos\quake2-full\debug\ref_gl.bsc
c:\users\mjcap\source\repos\quake2-full\ref_gl\debug\vc142.pdb
c:\users\mjcap\source\repos\quake2-full\ref_gl\debug\vc142.idb
c:\users\mjcap\source\repos\quake2-full\ref_gl\debug\qgl_win.sbr
c:\users\mjcap\source\repos\quake2-full\ref_gl\debug\q_shwin.sbr
c:\users\mjcap\source\repos\quake2-full\ref_gl\debug\q_shared.sbr
c:\users\mjcap\source\repos\quake2-full\ref_gl\debug\glw_imp.sbr
c:\users\mjcap\source\repos\quake2-full\ref_gl\debug\gl_warp.sbr
c:\users\mjcap\source\repos\quake2-full\ref_gl\debug\gl_rsurf.sbr
c:\users\mjcap\source\repos\quake2-full\ref_gl\debug\gl_rmisc.sbr
c:\users\mjcap\source\repos\quake2-full\ref_gl\debug\gl_rmain.sbr
c:\users\mjcap\source\repos\quake2-full\ref_gl\debug\gl_model.sbr
c:\users\mjcap\source\repos\quake2-full\ref_gl\debug\gl_mesh.sbr
c:\users\mjcap\source\repos\quake2-full\ref_gl\debug\gl_light.sbr
c:\users\mjcap\source\repos\quake2-full\ref_gl\debug\gl_image.sbr
c:\users\mjcap\source\repos\quake2-full\ref_gl\debug\gl_draw.sbr
c:\users\mjcap\source\repos\quake2-full\ref_gl\debug\gl_draw.obj
c:\users\mjcap\source\repos\quake2-full\ref_gl\debug\gl_image.obj
c:\users\mjcap\source\repos\quake2-full\ref_gl\debug\gl_light.obj
c:\users\mjcap\source\repos\quake2-full\ref_gl\debug\gl_mesh.obj
c:\users\mjcap\source\repos\quake2-full\ref_gl\debug\gl_model.obj
c:\users\mjcap\source\repos\quake2-full\ref_gl\debug\gl_rmain.obj
c:\users\mjcap\source\repos\quake2-full\ref_gl\debug\gl_rmisc.obj
c:\users\mjcap\source\repos\quake2-full\ref_gl\debug\gl_rsurf.obj
c:\users\mjcap\source\repos\quake2-full\ref_gl\debug\gl_warp.obj
c:\users\mjcap\source\repos\quake2-full\ref_gl\debug\glw_imp.obj
c:\users\mjcap\source\repos\quake2-full\ref_gl\debug\q_shared.obj
c:\users\mjcap\source\repos\quake2-full\ref_gl\debug\q_shwin.obj
c:\users\mjcap\source\repos\quake2-full\ref_gl\debug\qgl_win.obj
c:\users\mjcap\source\repos\quake2-full\debug\ref_gl.dll
c:\users\mjcap\source\repos\quake2-full\debug\ref_gl.pdb
c:\users\mjcap\source\repos\quake2-full\debug\ref_gl.lib
c:\users\mjcap\source\repos\quake2-full\debug\ref_gl.exp
c:\users\mjcap\source\repos\quake2-full\ref_gl\debug\ref_gl.tlog\bscmake.command.1.tlog
c:\users\mjcap\source\repos\quake2-full\ref_gl\debug\ref_gl.tlog\bscmake.read.1.tlog
c:\users\mjcap\source\repos\quake2-full\ref_gl\debug\ref_gl.tlog\bscmake.write.1.tlog
c:\users\mjcap\source\repos\quake2-full\ref_gl\debug\ref_gl.tlog\cl.command.1.tlog
c:\users\mjcap\source\repos\quake2-full\ref_gl\debug\ref_gl.tlog\cl.read.1.tlog
c:\users\mjcap\source\repos\quake2-full\ref_gl\debug\ref_gl.tlog\cl.write.1.tlog
c:\users\mjcap\source\repos\quake2-full\ref_gl\debug\ref_gl.tlog\link.command.1.tlog
c:\users\mjcap\source\repos\quake2-full\ref_gl\debug\ref_gl.tlog\link.read.1.tlog
c:\users\mjcap\source\repos\quake2-full\ref_gl\debug\ref_gl.tlog\link.write.1.tlog
c:\users\mjcap\source\repos\quake2-full\ref_gl\debug\ref_gl.tlog\ref_gl.write.1u.tlog
